<?xml version="1.0" encoding="UTF-8"?>
<testng-results ignored="0" total="1" passed="1" failed="0" skipped="0">
  <reporter-output>
  </reporter-output>
  <suite started-at="2022-05-31T06:24:11Z" name="Default suite" finished-at="2022-05-31T06:24:19Z" duration-ms="8842">
    <groups>
    </groups>
    <test started-at="2022-05-31T06:24:11Z" name="Default test" finished-at="2022-05-31T06:24:19Z" duration-ms="8842">
      <class name="com.jenkinsbasic.practice.Sample">
        <test-method signature="parameterTest()[pri:0, instance:com.jenkinsbasic.practice.Sample@40317ba2]" started-at="2022-05-31T06:24:11Z" name="parameterTest" finished-at="2022-05-31T06:24:19Z" duration-ms="8813" status="PASS">
          <reporter-output>
          </reporter-output>
        </test-method> <!-- parameterTest -->
      </class> <!-- com.jenkinsbasic.practice.Sample -->
    </test> <!-- Default test -->
  </suite> <!-- Default suite -->
</testng-results>
